[2020-06-15T15:20:31.764] [INFO] access - ::1 - - "GET / HTTP/1.1" 401 59 "" "Mozilla/5.0 (Windows NT 10.0; Win64; x64) AppleWebKit/537.36 (KHTML, like Gecko) Chrome/80.0.3987.100 Safari/537.36"
[2020-06-15T15:20:31.913] [INFO] access - ::1 - - "GET /favicon.ico HTTP/1.1" 401 59 "http://localhost:5555/" "Mozilla/5.0 (Windows NT 10.0; Win64; x64) AppleWebKit/537.36 (KHTML, like Gecko) Chrome/80.0.3987.100 Safari/537.36"
[2020-06-15T15:20:49.972] [INFO] access - ::1 - - "GET /category/query HTTP/1.1" 200 194 "" "Mozilla/5.0 (Windows NT 10.0; Win64; x64) AppleWebKit/537.36 (KHTML, like Gecko) Chrome/80.0.3987.100 Safari/537.36"
[2020-06-15T15:20:50.013] [INFO] access - ::1 - - "GET /favicon.ico HTTP/1.1" 401 59 "http://localhost:5555/category/query" "Mozilla/5.0 (Windows NT 10.0; Win64; x64) AppleWebKit/537.36 (KHTML, like Gecko) Chrome/80.0.3987.100 Safari/537.36"
[2020-06-15T15:22:42.462] [INFO] access - ::1 - - "GET / HTTP/1.1" 401 59 "" "Mozilla/5.0 (Windows NT 10.0; Win64; x64) AppleWebKit/537.36 (KHTML, like Gecko) Chrome/80.0.3987.100 Safari/537.36"
[2020-06-15T15:22:42.497] [INFO] access - ::1 - - "GET /favicon.ico HTTP/1.1" 401 59 "http://localhost:5555/" "Mozilla/5.0 (Windows NT 10.0; Win64; x64) AppleWebKit/537.36 (KHTML, like Gecko) Chrome/80.0.3987.100 Safari/537.36"
[2020-06-15T15:23:07.933] [INFO] access - ::1 - - "GET / HTTP/1.1" 200 69 "" "Mozilla/5.0 (Windows NT 10.0; Win64; x64) AppleWebKit/537.36 (KHTML, like Gecko) Chrome/80.0.3987.100 Safari/537.36"
[2020-06-15T15:23:07.967] [INFO] access - ::1 - - "GET /favicon.ico HTTP/1.1" 200 69 "http://localhost:5555/" "Mozilla/5.0 (Windows NT 10.0; Win64; x64) AppleWebKit/537.36 (KHTML, like Gecko) Chrome/80.0.3987.100 Safari/537.36"
[2020-06-15T15:23:17.571] [INFO] access - ::1 - - "GET /category/query HTTP/1.1" 200 194 "" "Mozilla/5.0 (Windows NT 10.0; Win64; x64) AppleWebKit/537.36 (KHTML, like Gecko) Chrome/80.0.3987.100 Safari/537.36"
[2020-06-15T15:23:17.603] [INFO] access - ::1 - - "GET /favicon.ico HTTP/1.1" 200 69 "http://localhost:5555/category/query" "Mozilla/5.0 (Windows NT 10.0; Win64; x64) AppleWebKit/537.36 (KHTML, like Gecko) Chrome/80.0.3987.100 Safari/537.36"
[2020-06-15T15:31:48.041] [INFO] access - ::1 - - "GET / HTTP/1.1" 200 69 "" "Mozilla/5.0 (Windows NT 10.0; Win64; x64) AppleWebKit/537.36 (KHTML, like Gecko) Chrome/80.0.3987.100 Safari/537.36"
[2020-06-15T15:31:48.162] [INFO] access - ::1 - - "GET /favicon.ico HTTP/1.1" 200 69 "http://localhost:5555/" "Mozilla/5.0 (Windows NT 10.0; Win64; x64) AppleWebKit/537.36 (KHTML, like Gecko) Chrome/80.0.3987.100 Safari/537.36"
[2020-06-15T15:31:54.357] [INFO] access - ::1 - - "GET /category/query HTTP/1.1" 200 194 "" "Mozilla/5.0 (Windows NT 10.0; Win64; x64) AppleWebKit/537.36 (KHTML, like Gecko) Chrome/80.0.3987.100 Safari/537.36"
[2020-06-15T15:31:54.405] [INFO] access - ::1 - - "GET /favicon.ico HTTP/1.1" 200 69 "http://localhost:5555/category/query" "Mozilla/5.0 (Windows NT 10.0; Win64; x64) AppleWebKit/537.36 (KHTML, like Gecko) Chrome/80.0.3987.100 Safari/537.36"
[2020-06-15T15:32:01.850] [INFO] access - ::1 - - "GET /product/query HTTP/1.1" 200 69 "" "Mozilla/5.0 (Windows NT 10.0; Win64; x64) AppleWebKit/537.36 (KHTML, like Gecko) Chrome/80.0.3987.100 Safari/537.36"
[2020-06-15T15:32:01.886] [INFO] access - ::1 - - "GET /favicon.ico HTTP/1.1" 200 69 "http://localhost:5555/product/query" "Mozilla/5.0 (Windows NT 10.0; Win64; x64) AppleWebKit/537.36 (KHTML, like Gecko) Chrome/80.0.3987.100 Safari/537.36"
[2020-06-15T15:32:38.524] [INFO] access - ::1 - - "GET /api/getSign HTTP/1.1" 200 429 "" "Mozilla/5.0 (Windows NT 10.0; Win64; x64) AppleWebKit/537.36 (KHTML, like Gecko) Chrome/80.0.3987.100 Safari/537.36"
[2020-06-15T15:32:38.560] [INFO] access - ::1 - - "GET /favicon.ico HTTP/1.1" 200 69 "http://localhost:5555/api/getSign" "Mozilla/5.0 (Windows NT 10.0; Win64; x64) AppleWebKit/537.36 (KHTML, like Gecko) Chrome/80.0.3987.100 Safari/537.36"
[2020-06-15T15:32:47.556] [INFO] access - ::1 - - "GET /api/getSign HTTP/1.1" 200 429 "" "Mozilla/5.0 (Windows NT 10.0; Win64; x64) AppleWebKit/537.36 (KHTML, like Gecko) Chrome/80.0.3987.100 Safari/537.36"
[2020-06-15T15:32:47.617] [INFO] access - ::1 - - "GET /favicon.ico HTTP/1.1" 200 69 "http://localhost:5555/api/getSign" "Mozilla/5.0 (Windows NT 10.0; Win64; x64) AppleWebKit/537.36 (KHTML, like Gecko) Chrome/80.0.3987.100 Safari/537.36"
[2020-06-15T15:51:52.030] [INFO] access - ::1 - - "GET /api/getSign HTTP/1.1" 200 429 "" "Mozilla/5.0 (Windows NT 10.0; Win64; x64) AppleWebKit/537.36 (KHTML, like Gecko) Chrome/80.0.3987.100 Safari/537.36"
[2020-06-15T15:51:52.123] [INFO] access - ::1 - - "GET /favicon.ico HTTP/1.1" 200 69 "http://localhost:5555/api/getSign" "Mozilla/5.0 (Windows NT 10.0; Win64; x64) AppleWebKit/537.36 (KHTML, like Gecko) Chrome/80.0.3987.100 Safari/537.36"
[2020-06-15T15:52:03.754] [INFO] access - ::1 - - "GET /api/getSign1 HTTP/1.1" 200 69 "" "Mozilla/5.0 (Windows NT 10.0; Win64; x64) AppleWebKit/537.36 (KHTML, like Gecko) Chrome/80.0.3987.100 Safari/537.36"
[2020-06-15T15:52:03.824] [INFO] access - ::1 - - "GET /favicon.ico HTTP/1.1" 200 69 "http://localhost:5555/api/getSign1" "Mozilla/5.0 (Windows NT 10.0; Win64; x64) AppleWebKit/537.36 (KHTML, like Gecko) Chrome/80.0.3987.100 Safari/537.36"
[2020-06-15T15:52:06.365] [INFO] access - ::1 - - "GET /api/getSign HTTP/1.1" 200 429 "" "Mozilla/5.0 (Windows NT 10.0; Win64; x64) AppleWebKit/537.36 (KHTML, like Gecko) Chrome/80.0.3987.100 Safari/537.36"
[2020-06-15T15:52:06.427] [INFO] access - ::1 - - "GET /favicon.ico HTTP/1.1" 200 69 "http://localhost:5555/api/getSign" "Mozilla/5.0 (Windows NT 10.0; Win64; x64) AppleWebKit/537.36 (KHTML, like Gecko) Chrome/80.0.3987.100 Safari/537.36"
[2020-06-15T15:52:25.401] [INFO] access - ::1 - - "GET /api/getSign HTTP/1.1" 200 429 "" "Mozilla/5.0 (Windows NT 10.0; Win64; x64) AppleWebKit/537.36 (KHTML, like Gecko) Chrome/80.0.3987.100 Safari/537.36"
[2020-06-15T15:52:25.461] [INFO] access - ::1 - - "GET /favicon.ico HTTP/1.1" 200 69 "http://localhost:5555/api/getSign" "Mozilla/5.0 (Windows NT 10.0; Win64; x64) AppleWebKit/537.36 (KHTML, like Gecko) Chrome/80.0.3987.100 Safari/537.36"
[2020-06-15T16:17:19.665] [INFO] access - ::1 - - "GET /api/getSign HTTP/1.1" 200 429 "" "Mozilla/5.0 (Windows NT 10.0; Win64; x64) AppleWebKit/537.36 (KHTML, like Gecko) Chrome/80.0.3987.100 Safari/537.36"
[2020-06-15T16:17:19.732] [INFO] access - ::1 - - "GET /favicon.ico HTTP/1.1" 200 69 "http://localhost:5555/api/getSign" "Mozilla/5.0 (Windows NT 10.0; Win64; x64) AppleWebKit/537.36 (KHTML, like Gecko) Chrome/80.0.3987.100 Safari/537.36"
[2020-06-15T16:17:24.223] [INFO] access - ::1 - - "GET /api/getSign HTTP/1.1" 200 429 "" "Mozilla/5.0 (Windows NT 10.0; Win64; x64) AppleWebKit/537.36 (KHTML, like Gecko) Chrome/80.0.3987.100 Safari/537.36"
[2020-06-15T16:17:24.276] [INFO] access - ::1 - - "GET /favicon.ico HTTP/1.1" 200 69 "http://localhost:5555/api/getSign" "Mozilla/5.0 (Windows NT 10.0; Win64; x64) AppleWebKit/537.36 (KHTML, like Gecko) Chrome/80.0.3987.100 Safari/537.36"
[2020-06-15T16:17:32.696] [INFO] access - ::1 - - "GET /api/getSign HTTP/1.1" 200 429 "" "Mozilla/5.0 (Windows NT 10.0; Win64; x64) AppleWebKit/537.36 (KHTML, like Gecko) Chrome/80.0.3987.100 Safari/537.36"
[2020-06-15T16:17:32.764] [INFO] access - ::1 - - "GET /favicon.ico HTTP/1.1" 200 69 "http://localhost:5555/api/getSign" "Mozilla/5.0 (Windows NT 10.0; Win64; x64) AppleWebKit/537.36 (KHTML, like Gecko) Chrome/80.0.3987.100 Safari/537.36"
[2020-06-15T16:17:33.638] [INFO] access - ::1 - - "GET /api/getSign HTTP/1.1" 200 429 "" "Mozilla/5.0 (Windows NT 10.0; Win64; x64) AppleWebKit/537.36 (KHTML, like Gecko) Chrome/80.0.3987.100 Safari/537.36"
[2020-06-15T16:17:33.718] [INFO] access - ::1 - - "GET /favicon.ico HTTP/1.1" 200 69 "http://localhost:5555/api/getSign" "Mozilla/5.0 (Windows NT 10.0; Win64; x64) AppleWebKit/537.36 (KHTML, like Gecko) Chrome/80.0.3987.100 Safari/537.36"
[2020-06-15T16:17:33.935] [INFO] access - ::1 - - "GET /api/getSign HTTP/1.1" 200 429 "" "Mozilla/5.0 (Windows NT 10.0; Win64; x64) AppleWebKit/537.36 (KHTML, like Gecko) Chrome/80.0.3987.100 Safari/537.36"
[2020-06-15T16:17:34.015] [INFO] access - ::1 - - "GET /favicon.ico HTTP/1.1" 200 69 "http://localhost:5555/api/getSign" "Mozilla/5.0 (Windows NT 10.0; Win64; x64) AppleWebKit/537.36 (KHTML, like Gecko) Chrome/80.0.3987.100 Safari/537.36"
[2020-06-15T16:17:34.136] [INFO] access - ::1 - - "GET /api/getSign HTTP/1.1" 200 429 "" "Mozilla/5.0 (Windows NT 10.0; Win64; x64) AppleWebKit/537.36 (KHTML, like Gecko) Chrome/80.0.3987.100 Safari/537.36"
[2020-06-15T16:17:34.231] [INFO] access - ::1 - - "GET /favicon.ico HTTP/1.1" 200 69 "http://localhost:5555/api/getSign" "Mozilla/5.0 (Windows NT 10.0; Win64; x64) AppleWebKit/537.36 (KHTML, like Gecko) Chrome/80.0.3987.100 Safari/537.36"
[2020-06-15T16:17:34.343] [INFO] access - ::1 - - "GET /api/getSign HTTP/1.1" 200 429 "" "Mozilla/5.0 (Windows NT 10.0; Win64; x64) AppleWebKit/537.36 (KHTML, like Gecko) Chrome/80.0.3987.100 Safari/537.36"
[2020-06-15T16:17:34.396] [INFO] access - ::1 - - "GET /favicon.ico HTTP/1.1" 200 69 "http://localhost:5555/api/getSign" "Mozilla/5.0 (Windows NT 10.0; Win64; x64) AppleWebKit/537.36 (KHTML, like Gecko) Chrome/80.0.3987.100 Safari/537.36"
[2020-06-15T16:17:46.419] [INFO] access - ::1 - - "GET /api/getSign HTTP/1.1" 200 429 "" "Mozilla/5.0 (Windows NT 10.0; Win64; x64) AppleWebKit/537.36 (KHTML, like Gecko) Chrome/80.0.3987.100 Safari/537.36"
[2020-06-15T16:17:46.477] [INFO] access - ::1 - - "GET /favicon.ico HTTP/1.1" 200 69 "http://localhost:5555/api/getSign" "Mozilla/5.0 (Windows NT 10.0; Win64; x64) AppleWebKit/537.36 (KHTML, like Gecko) Chrome/80.0.3987.100 Safari/537.36"
[2020-06-15T16:17:46.667] [INFO] access - ::1 - - "GET /api/getSign HTTP/1.1" 200 429 "" "Mozilla/5.0 (Windows NT 10.0; Win64; x64) AppleWebKit/537.36 (KHTML, like Gecko) Chrome/80.0.3987.100 Safari/537.36"
[2020-06-15T16:17:46.713] [INFO] access - ::1 - - "GET /favicon.ico HTTP/1.1" 200 69 "http://localhost:5555/api/getSign" "Mozilla/5.0 (Windows NT 10.0; Win64; x64) AppleWebKit/537.36 (KHTML, like Gecko) Chrome/80.0.3987.100 Safari/537.36"
[2020-06-15T16:17:46.907] [INFO] access - ::1 - - "GET /api/getSign HTTP/1.1" 200 429 "" "Mozilla/5.0 (Windows NT 10.0; Win64; x64) AppleWebKit/537.36 (KHTML, like Gecko) Chrome/80.0.3987.100 Safari/537.36"
[2020-06-15T16:17:46.953] [INFO] access - ::1 - - "GET /favicon.ico HTTP/1.1" 200 69 "http://localhost:5555/api/getSign" "Mozilla/5.0 (Windows NT 10.0; Win64; x64) AppleWebKit/537.36 (KHTML, like Gecko) Chrome/80.0.3987.100 Safari/537.36"
[2020-06-15T16:17:47.139] [INFO] access - ::1 - - "GET /api/getSign HTTP/1.1" 200 429 "" "Mozilla/5.0 (Windows NT 10.0; Win64; x64) AppleWebKit/537.36 (KHTML, like Gecko) Chrome/80.0.3987.100 Safari/537.36"
[2020-06-15T16:17:47.200] [INFO] access - ::1 - - "GET /favicon.ico HTTP/1.1" 200 69 "http://localhost:5555/api/getSign" "Mozilla/5.0 (Windows NT 10.0; Win64; x64) AppleWebKit/537.36 (KHTML, like Gecko) Chrome/80.0.3987.100 Safari/537.36"
[2020-06-15T16:17:47.315] [INFO] access - ::1 - - "GET /api/getSign HTTP/1.1" 200 429 "" "Mozilla/5.0 (Windows NT 10.0; Win64; x64) AppleWebKit/537.36 (KHTML, like Gecko) Chrome/80.0.3987.100 Safari/537.36"
[2020-06-15T16:17:47.392] [INFO] access - ::1 - - "GET /favicon.ico HTTP/1.1" 200 69 "http://localhost:5555/api/getSign" "Mozilla/5.0 (Windows NT 10.0; Win64; x64) AppleWebKit/537.36 (KHTML, like Gecko) Chrome/80.0.3987.100 Safari/537.36"
[2020-06-15T16:17:47.508] [INFO] access - ::1 - - "GET /api/getSign HTTP/1.1" 200 429 "" "Mozilla/5.0 (Windows NT 10.0; Win64; x64) AppleWebKit/537.36 (KHTML, like Gecko) Chrome/80.0.3987.100 Safari/537.36"
[2020-06-15T16:17:47.578] [INFO] access - ::1 - - "GET /favicon.ico HTTP/1.1" 200 69 "http://localhost:5555/api/getSign" "Mozilla/5.0 (Windows NT 10.0; Win64; x64) AppleWebKit/537.36 (KHTML, like Gecko) Chrome/80.0.3987.100 Safari/537.36"
[2020-06-15T16:18:14.543] [INFO] access - ::1 - - "GET /api/getSign HTTP/1.1" 200 429 "" "Mozilla/5.0 (Windows NT 10.0; Win64; x64) AppleWebKit/537.36 (KHTML, like Gecko) Chrome/80.0.3987.100 Safari/537.36"
[2020-06-15T16:18:14.602] [INFO] access - ::1 - - "GET /favicon.ico HTTP/1.1" 200 69 "http://localhost:5555/api/getSign" "Mozilla/5.0 (Windows NT 10.0; Win64; x64) AppleWebKit/537.36 (KHTML, like Gecko) Chrome/80.0.3987.100 Safari/537.36"
