[2020-06-18T11:11:52.531] [INFO] access - ::1 - - "GET /api/getSign HTTP/1.1" 200 429 "" "Mozilla/5.0 (Windows NT 10.0; Win64; x64) AppleWebKit/537.36 (KHTML, like Gecko) Chrome/80.0.3987.100 Safari/537.36"
[2020-06-18T11:11:52.661] [INFO] access - ::1 - - "GET /favicon.ico HTTP/1.1" 200 69 "http://localhost:5555/api/getSign" "Mozilla/5.0 (Windows NT 10.0; Win64; x64) AppleWebKit/537.36 (KHTML, like Gecko) Chrome/80.0.3987.100 Safari/537.36"
[2020-06-18T18:06:03.162] [INFO] access - ::1 - - "GET /category HTTP/1.1" 200 69 "http://localhost:3000/category" "Mozilla/5.0 (iPhone; CPU iPhone OS 13_2_3 like Mac OS X) AppleWebKit/605.1.15 (KHTML, like Gecko) Version/13.0.3 Mobile/15E148 Safari/604.1"
[2020-06-18T18:06:03.235] [INFO] access - ::1 - - "GET /favicon.ico HTTP/1.1" 200 69 "http://localhost:3000/category" "Mozilla/5.0 (iPhone; CPU iPhone OS 13_2_3 like Mac OS X) AppleWebKit/605.1.15 (KHTML, like Gecko) Version/13.0.3 Mobile/15E148 Safari/604.1"
[2020-06-18T18:06:35.732] [INFO] access - ::1 - - "GET /category HTTP/1.1" 200 97 "http://localhost:3000/category" "Mozilla/5.0 (iPhone; CPU iPhone OS 13_2_3 like Mac OS X) AppleWebKit/605.1.15 (KHTML, like Gecko) Version/13.0.3 Mobile/15E148 Safari/604.1"
[2020-06-18T18:06:35.795] [INFO] access - ::1 - - "GET /favicon.ico HTTP/1.1" 200 97 "http://localhost:3000/category" "Mozilla/5.0 (iPhone; CPU iPhone OS 13_2_3 like Mac OS X) AppleWebKit/605.1.15 (KHTML, like Gecko) Version/13.0.3 Mobile/15E148 Safari/604.1"
[2020-06-18T18:07:56.362] [INFO] access - ::1 - - "GET /category HTTP/1.1" 401 59 "http://localhost:3000/category" "Mozilla/5.0 (iPhone; CPU iPhone OS 13_2_3 like Mac OS X) AppleWebKit/605.1.15 (KHTML, like Gecko) Version/13.0.3 Mobile/15E148 Safari/604.1"
[2020-06-18T18:07:56.413] [INFO] access - ::1 - - "GET /favicon.ico HTTP/1.1" 401 59 "http://localhost:3000/category" "Mozilla/5.0 (iPhone; CPU iPhone OS 13_2_3 like Mac OS X) AppleWebKit/605.1.15 (KHTML, like Gecko) Version/13.0.3 Mobile/15E148 Safari/604.1"
[2020-06-18T18:08:56.875] [INFO] access - ::1 - - "GET /category HTTP/1.1" 401 59 "http://localhost:3000/category" "Mozilla/5.0 (iPhone; CPU iPhone OS 13_2_3 like Mac OS X) AppleWebKit/605.1.15 (KHTML, like Gecko) Version/13.0.3 Mobile/15E148 Safari/604.1"
[2020-06-18T18:08:56.928] [INFO] access - ::1 - - "GET /favicon.ico HTTP/1.1" 401 59 "http://localhost:3000/category" "Mozilla/5.0 (iPhone; CPU iPhone OS 13_2_3 like Mac OS X) AppleWebKit/605.1.15 (KHTML, like Gecko) Version/13.0.3 Mobile/15E148 Safari/604.1"
[2020-06-18T18:09:12.790] [INFO] access - ::1 - - "GET /category/query HTTP/1.1" 200 194 "" "Mozilla/5.0 (Windows NT 10.0; Win64; x64) AppleWebKit/537.36 (KHTML, like Gecko) Chrome/80.0.3987.100 Safari/537.36"
[2020-06-18T18:09:12.877] [INFO] access - ::1 - - "GET /favicon.ico HTTP/1.1" 401 59 "http://localhost:5555/category/query" "Mozilla/5.0 (Windows NT 10.0; Win64; x64) AppleWebKit/537.36 (KHTML, like Gecko) Chrome/80.0.3987.100 Safari/537.36"
[2020-06-18T18:10:14.379] [INFO] access - ::1 - - "GET /category HTTP/1.1" 401 59 "http://localhost:3000/category" "Mozilla/5.0 (iPhone; CPU iPhone OS 13_2_3 like Mac OS X) AppleWebKit/605.1.15 (KHTML, like Gecko) Version/13.0.3 Mobile/15E148 Safari/604.1"
[2020-06-18T18:10:14.431] [INFO] access - ::1 - - "GET /favicon.ico HTTP/1.1" 401 59 "http://localhost:3000/category" "Mozilla/5.0 (iPhone; CPU iPhone OS 13_2_3 like Mac OS X) AppleWebKit/605.1.15 (KHTML, like Gecko) Version/13.0.3 Mobile/15E148 Safari/604.1"
[2020-06-18T18:10:15.043] [INFO] access - ::1 - - "GET /category HTTP/1.1" 401 59 "http://localhost:3000/category" "Mozilla/5.0 (iPhone; CPU iPhone OS 13_2_3 like Mac OS X) AppleWebKit/605.1.15 (KHTML, like Gecko) Version/13.0.3 Mobile/15E148 Safari/604.1"
[2020-06-18T18:10:15.093] [INFO] access - ::1 - - "GET /favicon.ico HTTP/1.1" 401 59 "http://localhost:3000/category" "Mozilla/5.0 (iPhone; CPU iPhone OS 13_2_3 like Mac OS X) AppleWebKit/605.1.15 (KHTML, like Gecko) Version/13.0.3 Mobile/15E148 Safari/604.1"
[2020-06-18T18:10:15.321] [INFO] access - ::1 - - "GET /category HTTP/1.1" 401 59 "http://localhost:3000/category" "Mozilla/5.0 (iPhone; CPU iPhone OS 13_2_3 like Mac OS X) AppleWebKit/605.1.15 (KHTML, like Gecko) Version/13.0.3 Mobile/15E148 Safari/604.1"
[2020-06-18T18:10:15.369] [INFO] access - ::1 - - "GET /favicon.ico HTTP/1.1" 401 59 "http://localhost:3000/category" "Mozilla/5.0 (iPhone; CPU iPhone OS 13_2_3 like Mac OS X) AppleWebKit/605.1.15 (KHTML, like Gecko) Version/13.0.3 Mobile/15E148 Safari/604.1"
[2020-06-18T18:10:15.528] [INFO] access - ::1 - - "GET /category HTTP/1.1" 401 59 "http://localhost:3000/category" "Mozilla/5.0 (iPhone; CPU iPhone OS 13_2_3 like Mac OS X) AppleWebKit/605.1.15 (KHTML, like Gecko) Version/13.0.3 Mobile/15E148 Safari/604.1"
[2020-06-18T18:10:15.584] [INFO] access - ::1 - - "GET /favicon.ico HTTP/1.1" 401 59 "http://localhost:3000/category" "Mozilla/5.0 (iPhone; CPU iPhone OS 13_2_3 like Mac OS X) AppleWebKit/605.1.15 (KHTML, like Gecko) Version/13.0.3 Mobile/15E148 Safari/604.1"
[2020-06-18T18:10:15.734] [INFO] access - ::1 - - "GET /category HTTP/1.1" 401 59 "http://localhost:3000/category" "Mozilla/5.0 (iPhone; CPU iPhone OS 13_2_3 like Mac OS X) AppleWebKit/605.1.15 (KHTML, like Gecko) Version/13.0.3 Mobile/15E148 Safari/604.1"
[2020-06-18T18:10:15.810] [INFO] access - ::1 - - "GET /favicon.ico HTTP/1.1" 401 59 "http://localhost:3000/category" "Mozilla/5.0 (iPhone; CPU iPhone OS 13_2_3 like Mac OS X) AppleWebKit/605.1.15 (KHTML, like Gecko) Version/13.0.3 Mobile/15E148 Safari/604.1"
